Using pre-set license
Built from '2020.3/staging' branch; Version is '2020.3.20f1 (41c4e627c95f) revision 4310246'; Using compiler version '192528614'; Build Type 'Release'
OS: 'Windows 10 Pro; OS build 19042.1288; Version 2009; 64bit' Language: 'zh' Physical Memory: 16264 MB
BatchMode: 1, IsHumanControllingUs: 0, StartBugReporterOnCrash: 0, Is64bit: 1, IsPro: 0

COMMAND LINE ARGUMENTS:
C:\Program Files\Unity\Hub\Editor\2020.3.20f1\Editor\Unity.exe
-adb2
-batchMode
-noUpm
-name
AssetImportWorker0
-projectPath
C:/Users/user/Documents/GitHub/Jump/Junp01
-logFile
Logs/AssetImportWorker0.log
-srvPort
2701
Successfully changed project path to: C:/Users/user/Documents/GitHub/Jump/Junp01
C:/Users/user/Documents/GitHub/Jump/Junp01
Using Asset Import Pipeline V2.
Refreshing native plugins compatible for Editor in 37.75 ms, found 3 plugins.
Preloading 0 native plugins for Editor in 0.00 ms.
Initialize engine version: 2020.3.20f1 (41c4e627c95f)
[Subsystems] Discovering subsystems at path C:/Program Files/Unity/Hub/Editor/2020.3.20f1/Editor/Data/Resources/UnitySubsystems
[Subsystems] Discovering subsystems at path C:/Users/user/Documents/GitHub/Jump/Junp01/Assets
GfxDevice: creating device client; threaded=0
Direct3D:
    Version:  Direct3D 11.0 [level 11.1]
    Renderer: NVIDIA GeForce GTX 1060 3GB (ID=0x1c02)
    Vendor:   
    VRAM:     2988 MB
    Driver:   30.0.14.7196
Initialize mono
Mono path[0] = 'C:/Program Files/Unity/Hub/Editor/2020.3.20f1/Editor/Data/Managed'
Mono path[1] = 'C:/Program Files/Unity/Hub/Editor/2020.3.20f1/Editor/Data/MonoBleedingEdge/lib/mono/unityjit'
Mono config path = 'C:/Program Files/Unity/Hub/Editor/2020.3.20f1/Editor/Data/MonoBleedingEdge/etc'
Using monoOptions --debugger-agent=transport=dt_socket,embedding=1,server=y,suspend=n,address=127.0.0.1:56120
Begin MonoManager ReloadAssembly
Registering precompiled unity dll's ...
Register platform support module: C:/Program Files/Unity/Hub/Editor/2020.3.20f1/Editor/Data/PlaybackEngines/WebGLSupport/UnityEditor.WebGL.Extensions.dll
Register platform support module: C:/Program Files/Unity/Hub/Editor/2020.3.20f1/Editor/Data/PlaybackEngines/WindowsStandaloneSupport/UnityEditor.WindowsStandalone.Extensions.dll
Registered in 0.001282 seconds.
Native extension for WindowsStandalone target not found
Native extension for WebGL target not found
Refreshing native plugins compatible for Editor in 38.22 ms, found 3 plugins.
Preloading 0 native plugins for Editor in 0.00 ms.
Mono: successfully reloaded assembly
- Completed reload, in  1.483 seconds
Domain Reload Profiling:
	ReloadAssembly (1483ms)
		BeginReloadAssembly (40ms)
			ExecutionOrderSort (0ms)
			DisableScriptedObjects (0ms)
			BackupInstance (0ms)
			ReleaseScriptingObjects (0ms)
			CreateAndSetChildDomain (1ms)
		EndReloadAssembly (337ms)
			LoadAssemblies (39ms)
			RebuildTransferFunctionScriptingTraits (0ms)
			SetupTypeCache (124ms)
			ReleaseScriptCaches (0ms)
			RebuildScriptCaches (25ms)
			SetupLoadedEditorAssemblies (135ms)
				LogAssemblyErrors (0ms)
				InitializePlatformSupportModulesInManaged (4ms)
				SetLoadedEditorAssemblies (0ms)
				RefreshPlugins (38ms)
				BeforeProcessingInitializeOnLoad (13ms)
				ProcessInitializeOnLoadAttributes (59ms)
				ProcessInitializeOnLoadMethodAttributes (21ms)
				AfterProcessingInitializeOnLoad (0ms)
				EditorAssembliesLoaded (0ms)
			ExecutionOrderSort2 (0ms)
			AwakeInstancesAfterBackupRestoration (0ms)
Platform modules already initialized, skipping
Registering precompiled user dll's ...
Registered in 0.001991 seconds.
Begin MonoManager ReloadAssembly
Native extension for WindowsStandalone target not found
Native extension for WebGL target not found
Refreshing native plugins compatible for Editor in 37.21 ms, found 3 plugins.
Preloading 0 native plugins for Editor in 0.00 ms.
Mono: successfully reloaded assembly
- Completed reload, in  0.882 seconds
Domain Reload Profiling:
	ReloadAssembly (883ms)
		BeginReloadAssembly (110ms)
			ExecutionOrderSort (0ms)
			DisableScriptedObjects (4ms)
			BackupInstance (0ms)
			ReleaseScriptingObjects (0ms)
			CreateAndSetChildDomain (14ms)
		EndReloadAssembly (723ms)
			LoadAssemblies (68ms)
			RebuildTransferFunctionScriptingTraits (0ms)
			SetupTypeCache (229ms)
			ReleaseScriptCaches (0ms)
			RebuildScriptCaches (42ms)
			SetupLoadedEditorAssemblies (281ms)
				LogAssemblyErrors (0ms)
				InitializePlatformSupportModulesInManaged (4ms)
				SetLoadedEditorAssemblies (0ms)
				RefreshPlugins (37ms)
				BeforeProcessingInitializeOnLoad (61ms)
				ProcessInitializeOnLoadAttributes (164ms)
				ProcessInitializeOnLoadMethodAttributes (11ms)
				AfterProcessingInitializeOnLoad (3ms)
				EditorAssembliesLoaded (0ms)
			ExecutionOrderSort2 (0ms)
			AwakeInstancesAfterBackupRestoration (5ms)
Platform modules already initialized, skipping
========================================================================
Worker process is ready to serve import requests
Launched and connected shader compiler UnityShaderCompiler.exe after 0.06 seconds
Refreshing native plugins compatible for Editor in 0.45 ms, found 3 plugins.
Preloading 0 native plugins for Editor in 0.00 ms.
Unloading 2251 Unused Serialized files (Serialized files now loaded: 0)
System memory in use before: 98.2 MB.
System memory in use after: 98.3 MB.

Unloading 27 unused Assets to reduce memory usage. Loaded Objects now: 2691.
Total: 3.235400 ms (FindLiveObjects: 0.175000 ms CreateObjectMapping: 0.076700 ms MarkObjects: 2.929000 ms  DeleteObjects: 0.053800 ms)

AssetImportParameters requested are different than current active one (requested -> active):
  custom:framework-win-MediaFoundation: 216162199b28c13a410421893ffa2e32 -> 
  custom:video-decoder-ogg-theora: a1e56fd34408186e4bbccfd4996cb3dc -> 
  custom:container-muxer-webm: aa71ff27fc2769a1b78a27578f13a17b -> 
  custom:container-demuxer-webm: 4f35f7cbe854078d1ac9338744f61a02 -> 
  custom:container-demuxer-ogg: 62fdf1f143b41e24485cea50d1cbac27 -> 
  custom:video-encoder-webm-vp8: eb34c28f22e8b96e1ab97ce403110664 -> 
  custom:video-decoder-webm-vp8: 9c59270c3fd7afecdb556c50c9e8de78 -> 
  custom:audio-decoder-ogg-vorbis: bf7c407c2cedff20999df2af8eb42d56 -> 
  custom:audio-encoder-webm-vorbis: bf7c407c2cedff20999df2af8eb42d56 -> 
========================================================================
Received Import Request.
  path: Assets/場景/Gamedesign遊戲場景.unity
  artifactKey: Guid(f0cf3a91577ba0747bc3bca8f50df44d) Importer(815301076,1909f56bfc062723c751e8b465ee728b)
Start importing Assets/場景/Gamedesign遊戲場景.unity using Guid(f0cf3a91577ba0747bc3bca8f50df44d) Importer(815301076,1909f56bfc062723c751e8b465ee728b)  -> (artifact id: 'e925cfd76e1d5f179e6626635d85b5fd') in 0.014856 seconds 
  Import took 0.017862 seconds .

========================================================================
Received Import Request.
  Time since last request: 16.181889 seconds.
  path: Assets/調色盤/tileset_0.asset
  artifactKey: Guid(e5624b1abe0128741b30d96614695c38) Importer(815301076,1909f56bfc062723c751e8b465ee728b)
Start importing Assets/調色盤/tileset_0.asset using Guid(e5624b1abe0128741b30d96614695c38) Importer(815301076,1909f56bfc062723c751e8b465ee728b)  -> (artifact id: '14120a78147206d9862b43fc17836c01') in 0.054776 seconds 
  Import took 0.058158 seconds .

========================================================================
Received Import Request.
  Time since last request: 0.000318 seconds.
  path: Assets/調色盤/tileset_6.asset
  artifactKey: Guid(4e25f410bbf099343bc90421fa7ce00e) Importer(815301076,1909f56bfc062723c751e8b465ee728b)
Start importing Assets/調色盤/tileset_6.asset using Guid(4e25f410bbf099343bc90421fa7ce00e) Importer(815301076,1909f56bfc062723c751e8b465ee728b)  -> (artifact id: 'b6c6f09db30404f33aecaf686128c76e') in 0.012441 seconds 
  Import took 0.015615 seconds .

========================================================================
Received Import Request.
  Time since last request: 0.000274 seconds.
  path: Assets/調色盤/tileset_7.asset
  artifactKey: Guid(29b9d0bbdd6f4a243a8e935e9848e4b9) Importer(815301076,1909f56bfc062723c751e8b465ee728b)
Start importing Assets/調色盤/tileset_7.asset using Guid(29b9d0bbdd6f4a243a8e935e9848e4b9) Importer(815301076,1909f56bfc062723c751e8b465ee728b)  -> (artifact id: '72f5b8901268dae1aeadb113118aa048') in 0.009426 seconds 
  Import took 0.012363 seconds .

========================================================================
Received Import Request.
  Time since last request: 0.000303 seconds.
  path: Assets/調色盤/tileset_5.asset
  artifactKey: Guid(b3ffca704901c7c42adb6f63705317a0) Importer(815301076,1909f56bfc062723c751e8b465ee728b)
Start importing Assets/調色盤/tileset_5.asset using Guid(b3ffca704901c7c42adb6f63705317a0) Importer(815301076,1909f56bfc062723c751e8b465ee728b)  -> (artifact id: '4c8f83a3a1439a343c9bd2178dc5b577') in 0.010226 seconds 
  Import took 0.012983 seconds .

========================================================================
Received Import Request.
  Time since last request: 0.000241 seconds.
  path: Assets/調色盤/tileset_8.asset
  artifactKey: Guid(3b58be0fee152b64daa7cb589c79981c) Importer(815301076,1909f56bfc062723c751e8b465ee728b)
Start importing Assets/調色盤/tileset_8.asset using Guid(3b58be0fee152b64daa7cb589c79981c) Importer(815301076,1909f56bfc062723c751e8b465ee728b)  -> (artifact id: 'a774341a00753cea7d08f8713a76b19d') in 0.015818 seconds 
  Import took 0.018845 seconds .

========================================================================
Received Import Request.
  Time since last request: 0.000244 seconds.
  path: Assets/調色盤/tileset_2.asset
  artifactKey: Guid(fa06afd7ef2d14649baa9f9122b4da93) Importer(815301076,1909f56bfc062723c751e8b465ee728b)
Start importing Assets/調色盤/tileset_2.asset using Guid(fa06afd7ef2d14649baa9f9122b4da93) Importer(815301076,1909f56bfc062723c751e8b465ee728b)  -> (artifact id: '0564251f96e776733086c95c7f5675c8') in 0.010550 seconds 
  Import took 0.014117 seconds .

========================================================================
Received Import Request.
  Time since last request: 0.000230 seconds.
  path: Assets/調色盤/tileset_11.asset
  artifactKey: Guid(f8568ed995bd8b545be4aa26eb2bb4f6) Importer(815301076,1909f56bfc062723c751e8b465ee728b)
Start importing Assets/調色盤/tileset_11.asset using Guid(f8568ed995bd8b545be4aa26eb2bb4f6) Importer(815301076,1909f56bfc062723c751e8b465ee728b)  -> (artifact id: '0ad43abc3ba2e5729f439733aabfce11') in 0.012113 seconds 
  Import took 0.015299 seconds .

========================================================================
Received Import Request.
  Time since last request: 0.000360 seconds.
  path: Assets/調色盤/tileset_4.asset
  artifactKey: Guid(54c10d7bccf5f9b4e880d57948c0ef77) Importer(815301076,1909f56bfc062723c751e8b465ee728b)
Start importing Assets/調色盤/tileset_4.asset using Guid(54c10d7bccf5f9b4e880d57948c0ef77) Importer(815301076,1909f56bfc062723c751e8b465ee728b)  -> (artifact id: '82f4584b280ca34619ce5abb5a396164') in 0.009381 seconds 
  Import took 0.012471 seconds .

========================================================================
Received Import Request.
  Time since last request: 0.000257 seconds.
  path: Assets/調色盤/tileset_3.asset
  artifactKey: Guid(55bffa644fba41f4483b456cef858016) Importer(815301076,1909f56bfc062723c751e8b465ee728b)
Start importing Assets/調色盤/tileset_3.asset using Guid(55bffa644fba41f4483b456cef858016) Importer(815301076,1909f56bfc062723c751e8b465ee728b)  -> (artifact id: '2a2d77316b1511ddc37e47d95f685bb0') in 0.013271 seconds 
  Import took 0.016354 seconds .

========================================================================
Received Import Request.
  Time since last request: 0.000247 seconds.
  path: Assets/調色盤/tileset_10.asset
  artifactKey: Guid(0bb2081283ffb1f49bc295cb9da6a9a2) Importer(815301076,1909f56bfc062723c751e8b465ee728b)
Start importing Assets/調色盤/tileset_10.asset using Guid(0bb2081283ffb1f49bc295cb9da6a9a2) Importer(815301076,1909f56bfc062723c751e8b465ee728b)  -> (artifact id: '427aaeca44b71e51cdd08b7ccef9fcd7') in 0.014296 seconds 
  Import took 0.017228 seconds .

========================================================================
Received Import Request.
  Time since last request: 0.000207 seconds.
  path: Assets/調色盤/tileset_9.asset
  artifactKey: Guid(199a46fc6ce0dcb4fa87157cf64c9d70) Importer(815301076,1909f56bfc062723c751e8b465ee728b)
Start importing Assets/調色盤/tileset_9.asset using Guid(199a46fc6ce0dcb4fa87157cf64c9d70) Importer(815301076,1909f56bfc062723c751e8b465ee728b)  -> (artifact id: 'b5e830b6786b3e0211d18e467c45560c') in 0.008757 seconds 
  Import took 0.011846 seconds .

========================================================================
Received Import Request.
  Time since last request: 0.000202 seconds.
  path: Assets/調色盤/tileset_1.asset
  artifactKey: Guid(3a355eb0facc6c1428dec5d2cf846493) Importer(815301076,1909f56bfc062723c751e8b465ee728b)
Start importing Assets/調色盤/tileset_1.asset using Guid(3a355eb0facc6c1428dec5d2cf846493) Importer(815301076,1909f56bfc062723c751e8b465ee728b)  -> (artifact id: 'b5784c69c1b03151673fe65235635c69') in 0.011793 seconds 
  Import took 0.014550 seconds .

========================================================================
Received Import Request.
  Time since last request: 0.425848 seconds.
  path: Assets/素材/setofont.ttf
  artifactKey: Guid(e21ad49575706ce49a9280c16438483e) Importer(815301076,1909f56bfc062723c751e8b465ee728b)
Start importing Assets/素材/setofont.ttf using Guid(e21ad49575706ce49a9280c16438483e) Importer(815301076,1909f56bfc062723c751e8b465ee728b)  -> (artifact id: 'adcc59efa4bfb6db6ca5b72a7bb748e9') in 0.050958 seconds 
  Import took 0.054954 seconds .

========================================================================
Received Import Request.
  Time since last request: 5.147868 seconds.
  path: Assets/文字素材/Bubblegum.ttf
  artifactKey: Guid(c69e68fdf897ac84f8feec62f22c0207) Importer(815301076,1909f56bfc062723c751e8b465ee728b)
Start importing Assets/文字素材/Bubblegum.ttf using Guid(c69e68fdf897ac84f8feec62f22c0207) Importer(815301076,1909f56bfc062723c751e8b465ee728b)  -> (artifact id: '229409c364f1d41d3731342622c6f646') in 0.014649 seconds 
  Import took 0.018254 seconds .

========================================================================
Received Import Request.
  Time since last request: 0.000232 seconds.
  path: Assets/文字素材/Over The Rainbow.ttf
  artifactKey: Guid(965a28376b288af45bd89933be55b42b) Importer(815301076,1909f56bfc062723c751e8b465ee728b)
Start importing Assets/文字素材/Over The Rainbow.ttf using Guid(965a28376b288af45bd89933be55b42b) Importer(815301076,1909f56bfc062723c751e8b465ee728b)  -> (artifact id: '929aa45fb334831d4c0c0903df75ed48') in 0.013550 seconds 
  Import took 0.016698 seconds .

========================================================================
Received Import Request.
  Time since last request: 0.000317 seconds.
  path: Assets/文字素材/Cotton Butter.ttf
  artifactKey: Guid(28f6d121cc2dd7247838564ac54e0545) Importer(815301076,1909f56bfc062723c751e8b465ee728b)
Start importing Assets/文字素材/Cotton Butter.ttf using Guid(28f6d121cc2dd7247838564ac54e0545) Importer(815301076,1909f56bfc062723c751e8b465ee728b)  -> (artifact id: 'df8fe1332d4708f046067477ca34e4a8') in 0.012317 seconds 
  Import took 0.015319 seconds .

========================================================================
Received Import Request.
  Time since last request: 29.002138 seconds.
  path: Assets/圖片/PrototypeHero.png
  artifactKey: Guid(300ea1a5869382b43bf6149aba92c4db) Importer(815301076,1909f56bfc062723c751e8b465ee728b)
Start importing Assets/圖片/PrototypeHero.png using Guid(300ea1a5869382b43bf6149aba92c4db) Importer(815301076,1909f56bfc062723c751e8b465ee728b)  -> (artifact id: 'b3d2e05825854a2be294879c5f58192f') in 0.063125 seconds 
  Import took 0.066762 seconds .

========================================================================
Received Import Request.
  Time since last request: 0.000237 seconds.
  path: Assets/圖片/三角形.png
  artifactKey: Guid(327d0208fafa9104d8312efa2185b101) Importer(815301076,1909f56bfc062723c751e8b465ee728b)
Start importing Assets/圖片/三角形.png using Guid(327d0208fafa9104d8312efa2185b101) Importer(815301076,1909f56bfc062723c751e8b465ee728b)  -> (artifact id: '1bc55d9287886651c56051bd19a50b71') in 0.015097 seconds 
  Import took 0.017730 seconds .

========================================================================
Received Import Request.
  Time since last request: 0.000237 seconds.
  path: Assets/圖片/方形.png
  artifactKey: Guid(56d89e9800e0345478db6f05b55bd98d) Importer(815301076,1909f56bfc062723c751e8b465ee728b)
Start importing Assets/圖片/方形.png using Guid(56d89e9800e0345478db6f05b55bd98d) Importer(815301076,1909f56bfc062723c751e8b465ee728b)  -> (artifact id: '7abe8c19bd38cec06f1432b134c9a9af') in 0.013013 seconds 
  Import took 0.015814 seconds .

========================================================================
Received Prepare
Refreshing native plugins compatible for Editor in 2.32 ms, found 3 plugins.
Preloading 0 native plugins for Editor in 0.00 ms.
Unloading 12 Unused Serialized files (Serialized files now loaded: 0)
System memory in use before: 57.0 MB.
System memory in use after: 57.3 MB.

Unloading 12 unused Assets to reduce memory usage. Loaded Objects now: 2745.
Total: 2.800200 ms (FindLiveObjects: 0.185000 ms CreateObjectMapping: 0.082600 ms MarkObjects: 2.522000 ms  DeleteObjects: 0.010000 ms)

AssetImportParameters requested are different than current active one (requested -> active):
  custom:framework-win-MediaFoundation: 216162199b28c13a410421893ffa2e32 -> 
  custom:video-decoder-ogg-theora: a1e56fd34408186e4bbccfd4996cb3dc -> 
  custom:container-muxer-webm: aa71ff27fc2769a1b78a27578f13a17b -> 
  custom:container-demuxer-webm: 4f35f7cbe854078d1ac9338744f61a02 -> 
  custom:container-demuxer-ogg: 62fdf1f143b41e24485cea50d1cbac27 -> 
  custom:video-encoder-webm-vp8: eb34c28f22e8b96e1ab97ce403110664 -> 
  custom:video-decoder-webm-vp8: 9c59270c3fd7afecdb556c50c9e8de78 -> 
  custom:audio-decoder-ogg-vorbis: bf7c407c2cedff20999df2af8eb42d56 -> 
  custom:audio-encoder-webm-vorbis: bf7c407c2cedff20999df2af8eb42d56 -> 
========================================================================
Received Prepare
Registering precompiled user dll's ...
Registered in 0.001878 seconds.
Begin MonoManager ReloadAssembly
Native extension for WindowsStandalone target not found
Native extension for WebGL target not found
Refreshing native plugins compatible for Editor in 0.42 ms, found 3 plugins.
Preloading 0 native plugins for Editor in 0.00 ms.
Mono: successfully reloaded assembly
- Completed reload, in  0.820 seconds
Domain Reload Profiling:
	ReloadAssembly (820ms)
		BeginReloadAssembly (100ms)
			ExecutionOrderSort (0ms)
			DisableScriptedObjects (4ms)
			BackupInstance (0ms)
			ReleaseScriptingObjects (0ms)
			CreateAndSetChildDomain (28ms)
		EndReloadAssembly (672ms)
			LoadAssemblies (68ms)
			RebuildTransferFunctionScriptingTraits (0ms)
			SetupTypeCache (230ms)
			ReleaseScriptCaches (1ms)
			RebuildScriptCaches (37ms)
			SetupLoadedEditorAssemblies (246ms)
				LogAssemblyErrors (0ms)
				InitializePlatformSupportModulesInManaged (5ms)
				SetLoadedEditorAssemblies (0ms)
				RefreshPlugins (0ms)
				BeforeProcessingInitializeOnLoad (66ms)
				ProcessInitializeOnLoadAttributes (166ms)
				ProcessInitializeOnLoadMethodAttributes (5ms)
				AfterProcessingInitializeOnLoad (4ms)
				EditorAssembliesLoaded (0ms)
			ExecutionOrderSort2 (0ms)
			AwakeInstancesAfterBackupRestoration (8ms)
Platform modules already initialized, skipping
Refreshing native plugins compatible for Editor in 0.49 ms, found 3 plugins.
Preloading 0 native plugins for Editor in 0.00 ms.
Unloading 2239 Unused Serialized files (Serialized files now loaded: 0)
System memory in use before: 101.2 MB.
System memory in use after: 101.4 MB.

Unloading 15 unused Assets to reduce memory usage. Loaded Objects now: 2748.
Total: 2.512100 ms (FindLiveObjects: 0.173800 ms CreateObjectMapping: 0.078300 ms MarkObjects: 2.248300 ms  DeleteObjects: 0.011100 ms)

AssetImportParameters requested are different than current active one (requested -> active):
  custom:framework-win-MediaFoundation: 216162199b28c13a410421893ffa2e32 -> 
  custom:video-decoder-ogg-theora: a1e56fd34408186e4bbccfd4996cb3dc -> 
  custom:container-muxer-webm: aa71ff27fc2769a1b78a27578f13a17b -> 
  custom:container-demuxer-webm: 4f35f7cbe854078d1ac9338744f61a02 -> 
  custom:container-demuxer-ogg: 62fdf1f143b41e24485cea50d1cbac27 -> 
  custom:video-encoder-webm-vp8: eb34c28f22e8b96e1ab97ce403110664 -> 
  custom:video-decoder-webm-vp8: 9c59270c3fd7afecdb556c50c9e8de78 -> 
  custom:audio-decoder-ogg-vorbis: bf7c407c2cedff20999df2af8eb42d56 -> 
  custom:audio-encoder-webm-vorbis: bf7c407c2cedff20999df2af8eb42d56 -> 
AssetImportWorkerClient::OnTransportError - code=2 error=End of file
